<?xml version="1.0" encoding="UTF-8"?>
<!-- Generated by org.testng.reporters.JUnitReportReporter -->
<testsuite hostname="DESKTOP-SHNC452" failures="0" tests="1" name="module1_Login.SwagLabLoginTest" time="8.007" errors="0" timestamp="2024-11-29T17:48:13 IST" skipped="0">
  <testcase classname="module1_Login.SwagLabLoginTest" name="homepage" time="8.007"/>
  <system-out/>
</testsuite> <!-- module1_Login.SwagLabLoginTest -->
